<?xml version="1.0" encoding="UTF-8"?>
<!-- Generated by org.testng.reporters.JUnitReportReporter -->
<testsuite hostname="ab-PC" failures="0" tests="4" name="SwagLabs.SwagLabsTest" time="131.299" errors="0" timestamp="2022-11-30T16:46:55 IST" skipped="0">
  <testcase classname="SwagLabs.SwagLabsTest" name="homeTest" time="95.762"/>
  <system-out/>
  <testcase classname="SwagLabs.SwagLabsTest" name="loginTest" time="15.100"/>
  <system-out/>
  <testcase classname="SwagLabs.SwagLabsTest" name="addToCartTest" time="3.128"/>
  <system-out/>
  <testcase classname="SwagLabs.SwagLabsTest" name="CheckoutTest" time="17.309"/>
  <system-out/>
</testsuite> <!-- SwagLabs.SwagLabsTest -->
