<?xml version="1.0" encoding="UTF-8"?>
<!-- Generated by org.testng.reporters.JUnitReportReporter -->
<testsuite hostname="Deva" failures="0" tests="6" name="SwagLabs.SwagLabsTest" time="29.436" errors="0" timestamp="2022-12-14T09:34:38 IST" skipped="0">
  <testcase classname="SwagLabs.SwagLabsTest" name="homeTest" time="7.208"/>
  <system-out/>
  <testcase classname="SwagLabs.SwagLabsTest" name="loginTest" time="6.638"/>
  <system-out/>
  <testcase classname="SwagLabs.SwagLabsTest" name="addToCartTest" time="0.463"/>
  <system-out/>
  <testcase classname="SwagLabs.SwagLabsTest" name="addToCartTest" time="0.281"/>
  <system-out/>
  <testcase classname="SwagLabs.SwagLabsTest" name="verfifyCartTest" time="0.184"/>
  <system-out/>
  <testcase classname="SwagLabs.SwagLabsTest" name="CheckoutTest" time="14.662"/>
  <system-out/>
</testsuite> <!-- SwagLabs.SwagLabsTest -->
